<?xml version='1.0' encoding='UTF-8'?>
<testsuite hostname="Hossam" name="com.mlh.spraysample.basic.MainSpec" tests="6" errors="1" failures="0" time="0.22">
                     <properties>
[...]
</properties>
                     <testcase classname="com.mlh.spraysample.basic.MainSpec" name="A function should return factorial of int number" time="0.037">
                                                 
                                               </testcase><testcase classname="com.mlh.spraysample.basic.MainSpec" name="A function should if reads the same backward or forward of string" time="0.003">
                                                 
                                               </testcase><testcase classname="com.mlh.spraysample.basic.MainSpec" name="A function should encoding function" time="0.009">
                                                 
                                               </testcase><testcase classname="com.mlh.spraysample.basic.MainSpec" name="A function should Decoding function" time="0.005">
                                                 
                                               </testcase><testcase classname="com.mlh.spraysample.basic.MainSpec" name="A function should Compose function" time="0.003">
                                                 
                                               </testcase><testcase classname="com.mlh.spraysample.basic.MainSpec" name="(It is not a test)" time="0.163">
                                                 <error message="akka.actor.ActorSystem.shutdown()V" type="java.lang.NoSuchMethodError">java.lang.NoSuchMethodError: akka.actor.ActorSystem.shutdown()V
	at spray.testkit.RouteTest$class.cleanUp(RouteTest.scala:47)
	at com.mlh.spraysample.basic.MainSpec.cleanUp(BasicSampleSpec.scala:8)
	at spray.testkit.ScalatestInterface$class.afterAll(ScalatestInterface.scala:28)
	at com.mlh.spraysample.basic.MainSpec.afterAll(BasicSampleSpec.scala:8)
	at org.scalatest.BeforeAndAfterAll$class.afterAll(BeforeAndAfterAll.scala:213)
	at com.mlh.spraysample.basic.MainSpec.afterAll(BasicSampleSpec.scala:8)
	at org.scalatest.BeforeAndAfterAll$$anonfun$run$1.apply(BeforeAndAfterAll.scala:280)
	at org.scalatest.BeforeAndAfterAll$$anonfun$run$1.apply(BeforeAndAfterAll.scala:278)
	at org.scalatest.CompositeStatus.whenCompleted(Status.scala:377)
	at org.scalatest.BeforeAndAfterAll$class.run(BeforeAndAfterAll.scala:278)
	at com.mlh.spraysample.basic.MainSpec.run(BasicSampleSpec.scala:8)
	at org.scalatest.tools.Framework.org$scalatest$tools$Framework$$runSuite(Framework.scala:466)
	at org.scalatest.tools.Framework$ScalaTestTask.execute(Framework.scala:677)
	at sbt.TestRunner.runTest$1(TestFramework.scala:76)
	at sbt.TestRunner.run(TestFramework.scala:85)
	at sbt.TestFramework$$anon$2$$anonfun$$init$$1$$anonfun$apply$8.apply(TestFramework.scala:202)
	at sbt.TestFramework$$anon$2$$anonfun$$init$$1$$anonfun$apply$8.apply(TestFramework.scala:202)
	at sbt.TestFramework$.sbt$TestFramework$$withContextLoader(TestFramework.scala:185)
	at sbt.TestFramework$$anon$2$$anonfun$$init$$1.apply(TestFramework.scala:202)
	at sbt.TestFramework$$anon$2$$anonfun$$init$$1.apply(TestFramework.scala:202)
	at sbt.TestFunction.apply(TestFramework.scala:207)
	at sbt.Tests$$anonfun$9.apply(Tests.scala:216)
	at sbt.Tests$$anonfun$9.apply(Tests.scala:216)
	at sbt.std.Transform$$anon$3$$anonfun$apply$2.apply(System.scala:44)
	at sbt.std.Transform$$anon$3$$anonfun$apply$2.apply(System.scala:44)
	at sbt.std.Transform$$anon$4.work(System.scala:63)
	at sbt.Execute$$anonfun$submit$1$$anonfun$apply$1.apply(Execute.scala:226)
	at sbt.Execute$$anonfun$submit$1$$anonfun$apply$1.apply(Execute.scala:226)
	at sbt.ErrorHandling$.wideConvert(ErrorHandling.scala:17)
	at sbt.Execute.work(Execute.scala:235)
	at sbt.Execute$$anonfun$submit$1.apply(Execute.scala:226)
	at sbt.Execute$$anonfun$submit$1.apply(Execute.scala:226)
	at sbt.ConcurrentRestrictions$$anon$4$$anonfun$1.apply(ConcurrentRestrictions.scala:159)
	at sbt.CompletionService$$anon$2.call(CompletionService.scala:28)
	at java.util.concurrent.FutureTask.run(FutureTask.java:266)
	at java.util.concurrent.Executors$RunnableAdapter.call(Executors.java:511)
	at java.util.concurrent.FutureTask.run(FutureTask.java:266)
	at java.util.concurrent.ThreadPoolExecutor.runWorker(ThreadPoolExecutor.java:1149)
	at java.util.concurrent.ThreadPoolExecutor$Worker.run(ThreadPoolExecutor.java:624)
	at java.lang.Thread.run(Thread.java:748)
</error>
                                               </testcase>
                     <system-out></system-out>
                     <system-err></system-err>
                   </testsuite>